e:\git\gins_ym\gins-ym\gins_ym\debug\vc140.pdb
e:\git\gins_ym\gins-ym\gins_ym\debug\vc140.idb
e:\git\gins_ym\gins-ym\gins_ym\debug\gins_ins.obj
e:\git\gins_ym\gins-ym\gins_ym\debug\gins_datasave.obj
e:\git\gins_ym\gins-ym\gins_ym\debug\gins_ekf.obj
e:\git\gins_ym\gins-ym\gins_ym\debug\gins_process_lib.obj
e:\git\gins_ym\gins-ym\gins_ym\debug\att_tran.obj
e:\git\gins_ym\gins-ym\gins_ym\debug\gins_math.obj
e:\git\gins_ym\gins-ym\gins_ym\debug\gins_process.obj
e:\git\gins_ym\gins-ym\gins_ym\debug\gins_test.obj
e:\git\gins_ym\gins-ym\gins_ym\debug\time_process.obj
e:\git\gins_ym\gins-ym\gins_ym\debug\gins_ym.obj
e:\git\gins_ym\gins-ym\gins_ym\debug\stdafx.obj
e:\git\gins_ym\gins-ym\gins_ym\debug\gins_ym.ilk
e:\git\gins_ym\gins-ym\gins_ym\debug\gins_ym.exe
e:\git\gins_ym\gins-ym\gins_ym\debug\gins_ym.pdb
e:\git\gins_ym\gins-ym\gins_ym\debug\gins_ym.tlog\cl.command.1.tlog
e:\git\gins_ym\gins-ym\gins_ym\debug\gins_ym.tlog\cl.read.1.tlog
e:\git\gins_ym\gins-ym\gins_ym\debug\gins_ym.tlog\cl.write.1.tlog
e:\git\gins_ym\gins-ym\gins_ym\debug\gins_ym.tlog\link.command.1.tlog
e:\git\gins_ym\gins-ym\gins_ym\debug\gins_ym.tlog\link.read.1.tlog
e:\git\gins_ym\gins-ym\gins_ym\debug\gins_ym.tlog\link.write.1.tlog
